0 info it worked if it ends with ok
1 verbose cli [ '/Users/itochang/.nodebrew/node/v0.10.33/bin/node',
1 verbose cli   '/Users/itochang/.nodebrew/current/bin/npm',
1 verbose cli   'install',
1 verbose cli   'Q',
1 verbose cli   '--save-dev' ]
2 info using npm@1.4.28
3 info using node@v0.10.33
4 warn package.json uito@0.1.0 No repository field.
5 verbose readDependencies using package.json deps
6 verbose cache add [ 'Q', null ]
7 verbose cache add name=undefined spec="Q" args=["Q",null]
8 verbose parsed url { protocol: null,
8 verbose parsed url   slashes: null,
8 verbose parsed url   auth: null,
8 verbose parsed url   host: null,
8 verbose parsed url   port: null,
8 verbose parsed url   hostname: null,
8 verbose parsed url   hash: null,
8 verbose parsed url   search: null,
8 verbose parsed url   query: null,
8 verbose parsed url   pathname: 'Q',
8 verbose parsed url   path: 'Q',
8 verbose parsed url   href: 'Q' }
9 silly lockFile c3156e00-Q Q
10 verbose lock Q /Users/itochang/.npm/c3156e00-Q.lock
11 silly lockFile c3156e00-Q Q
12 silly lockFile c3156e00-Q Q
13 verbose addNamed [ 'Q', '' ]
14 verbose addNamed [ null, '*' ]
15 silly lockFile 561e3931-Q Q@
16 verbose lock Q@ /Users/itochang/.npm/561e3931-Q.lock
17 silly addNameRange { name: 'Q', range: '*', hasData: false }
18 verbose request where is /Q
19 verbose request registry https://registry.npmjs.org/
20 verbose request id 59f947d2721d4a46
21 verbose url raw /Q
22 verbose url resolving [ 'https://registry.npmjs.org/', './Q' ]
23 verbose url resolved https://registry.npmjs.org/Q
24 verbose request where is https://registry.npmjs.org/Q
25 info trying registry request attempt 1 at 14:23:01
26 verbose etag "BYLSQ5I82QZKNBON1DBZ96N3J"
27 http GET https://registry.npmjs.org/Q
28 http 404 https://registry.npmjs.org/Q
29 verbose headers { date: 'Sun, 19 Apr 2015 05:23:03 GMT',
29 verbose headers   server: 'CouchDB/1.5.0 (Erlang OTP/R16B03)',
29 verbose headers   'content-type': 'application/json',
29 verbose headers   'cache-control': 'max-age=0',
29 verbose headers   'content-length': '51',
29 verbose headers   'accept-ranges': 'bytes',
29 verbose headers   via: '1.1 varnish',
29 verbose headers   age: '0',
29 verbose headers   'x-served-by': 'cache-nrt6123-NRT',
29 verbose headers   'x-cache': 'MISS',
29 verbose headers   'x-cache-hits': '0',
29 verbose headers   'x-timer': 'S1429420982.375628,VS0,VE734',
29 verbose headers   'keep-alive': 'timeout=10, max=50',
29 verbose headers   connection: 'Keep-Alive' }
30 silly registry.get cb [ 304, undefined ]
31 verbose etag https://registry.npmjs.org/Q from cache
32 silly addNameRange number 2 { name: 'Q', range: '*', hasData: true }
33 silly addNameRange versions [ 'q',
33 silly addNameRange   [ '0.0.0',
33 silly addNameRange     '0.0.1',
33 silly addNameRange     '0.0.2',
33 silly addNameRange     '0.0.3',
33 silly addNameRange     '0.1.0',
33 silly addNameRange     '0.1.1',
33 silly addNameRange     '0.1.2',
33 silly addNameRange     '0.1.3',
33 silly addNameRange     '0.1.4',
33 silly addNameRange     '0.1.5',
33 silly addNameRange     '0.1.6',
33 silly addNameRange     '0.1.7',
33 silly addNameRange     '0.1.8',
33 silly addNameRange     '0.1.9',
33 silly addNameRange     '0.2.0-rc1',
33 silly addNameRange     '0.2.0',
33 silly addNameRange     '0.2.1',
33 silly addNameRange     '0.2.2',
33 silly addNameRange     '0.2.3',
33 silly addNameRange     '0.2.4',
33 silly addNameRange     '0.2.5',
33 silly addNameRange     '0.2.6',
33 silly addNameRange     '0.2.7',
33 silly addNameRange     '0.2.8',
33 silly addNameRange     '0.2.9',
33 silly addNameRange     '0.3.0',
33 silly addNameRange     '0.2.10',
33 silly addNameRange     '0.4.0',
33 silly addNameRange     '0.4.1',
33 silly addNameRange     '0.4.2',
33 silly addNameRange     '0.4.4',
33 silly addNameRange     '0.5.0',
33 silly addNameRange     '0.5.1',
33 silly addNameRange     '0.5.2',
33 silly addNameRange     '0.5.3',
33 silly addNameRange     '0.6.0',
33 silly addNameRange     '0.7.0',
33 silly addNameRange     '0.7.1',
33 silly addNameRange     '0.7.2',
33 silly addNameRange     '0.8.0',
33 silly addNameRange     '0.8.1',
33 silly addNameRange     '0.8.2',
33 silly addNameRange     '0.8.3',
33 silly addNameRange     '0.8.4',
33 silly addNameRange     '0.8.5',
33 silly addNameRange     '0.8.6',
33 silly addNameRange     '0.8.7',
33 silly addNameRange     '0.8.8',
33 silly addNameRange     '0.8.9',
33 silly addNameRange     '0.8.10',
33 silly addNameRange     '0.8.11',
33 silly addNameRange     '0.8.12',
33 silly addNameRange     '0.9.0',
33 silly addNameRange     '0.9.1',
33 silly addNameRange     '0.9.2',
33 silly addNameRange     '0.9.3',
33 silly addNameRange     '0.9.4',
33 silly addNameRange     '0.9.5',
33 silly addNameRange     '0.9.6',
33 silly addNameRange     '0.9.7',
33 silly addNameRange     '1.0.0',
33 silly addNameRange     '1.0.1',
33 silly addNameRange     '2.0.0',
33 silly addNameRange     '2.0.1',
33 silly addNameRange     '2.0.2',
33 silly addNameRange     '1.1.0',
33 silly addNameRange     '1.1.1',
33 silly addNameRange     '1.1.2',
33 silly addNameRange     '2.0.3',
33 silly addNameRange     '1.2.0' ] ]
34 verbose addNamed [ 'Q', '1.2.0' ]
35 verbose addNamed [ '1.2.0', '1.2.0' ]
36 silly lockFile 6de9aac2-Q-1-2-0 Q@1.2.0
37 verbose lock Q@1.2.0 /Users/itochang/.npm/6de9aac2-Q-1-2-0.lock
38 silly lockFile a55c401a-registry-npmjs-org-q-q-1-2-0-tgz https://registry.npmjs.org/q/-/q-1.2.0.tgz
39 verbose lock https://registry.npmjs.org/q/-/q-1.2.0.tgz /Users/itochang/.npm/a55c401a-registry-npmjs-org-q-q-1-2-0-tgz.lock
40 verbose addRemoteTarball [ 'https://registry.npmjs.org/q/-/q-1.2.0.tgz',
40 verbose addRemoteTarball   '811705ce4a9802adff811ab0fcdbd01946e1fe22' ]
41 info retry fetch attempt 1 at 14:23:03
42 verbose fetch to= /var/folders/5n/5d1l0rpd2k90bpxs9fwyjd8m0000gp/T/npm-2359-Y-zQyFoF/registry.npmjs.org/q/-/q-1.2.0.tgz
43 http GET https://registry.npmjs.org/q/-/q-1.2.0.tgz
44 http 200 https://registry.npmjs.org/q/-/q-1.2.0.tgz
45 silly lockFile a55c401a-registry-npmjs-org-q-q-1-2-0-tgz https://registry.npmjs.org/q/-/q-1.2.0.tgz
46 silly lockFile a55c401a-registry-npmjs-org-q-q-1-2-0-tgz https://registry.npmjs.org/q/-/q-1.2.0.tgz
47 silly lockFile 6de9aac2-Q-1-2-0 Q@1.2.0
48 silly lockFile 6de9aac2-Q-1-2-0 Q@1.2.0
49 silly lockFile 561e3931-Q Q@
50 silly lockFile 561e3931-Q Q@
51 error Error: EACCES, mkdir '/Users/itochang/.npm/q/1.2.0'
51 error  { [Error: EACCES, mkdir '/Users/itochang/.npm/q/1.2.0']
51 error   errno: 3,
51 error   code: 'EACCES',
51 error   path: '/Users/itochang/.npm/q/1.2.0',
51 error   parent: 'uito' }
52 error Please try running this command again as root/Administrator.
53 error System Darwin 14.3.0
54 error command "/Users/itochang/.nodebrew/node/v0.10.33/bin/node" "/Users/itochang/.nodebrew/current/bin/npm" "install" "Q" "--save-dev"
55 error cwd /Users/itochang/Sites/uito
56 error node -v v0.10.33
57 error npm -v 1.4.28
58 error path /Users/itochang/.npm/q/1.2.0
59 error code EACCES
60 error errno 3
61 error stack Error: EACCES, mkdir '/Users/itochang/.npm/q/1.2.0'
62 verbose exit [ 3, true ]
